<?xml version="1.0" encoding="UTF-8"?>
<!-- Generated by org.testng.reporters.JUnitXMLReporter -->
<testsuite hostname="KhushRang-PC" ignored="0" name="Default test" tests="2" failures="0" timestamp="24 Apr 2020 12:05:04 GMT" time="4.151" errors="0">
  <testcase name="getAutherizationWithInValidphone" time="3.182" classname="com.rupeek.customaersearch.tests.GetSingleRecordByPhone"/>
  <testcase name="getAutherizationWithValidphone" time="0.885" classname="com.rupeek.customaersearch.tests.GetSingleRecordByPhone"/>
</testsuite> <!-- Default test -->
