<?xml version="1.0" encoding="UTF-8"?>
<!-- Generated by org.testng.reporters.JUnitXMLReporter -->
<testsuite hostname="KhushRang-PC" ignored="0" name="Default test" tests="2" failures="0" timestamp="24 Apr 2020 11:17:48 GMT" time="3.251" errors="0">
  <testcase name="getTokenWithValid" time="2.977" classname="com.rupeek.customaersearch.tests.AutheticationTest"/>
  <testcase name="gettokenWithInvalid" time="0.216" classname="com.rupeek.customaersearch.tests.AutheticationTest"/>
</testsuite> <!-- Default test -->
