<?xml version="1.0" encoding="UTF-8"?>
<testng-results skipped="0" failed="0" ignored="0" total="2" passed="2">
  <reporter-output>
  </reporter-output>
  <suite name="Default suite" duration-ms="3251" started-at="2020-04-24T11:17:45Z" finished-at="2020-04-24T11:17:48Z">
    <groups>
    </groups>
    <test name="Default test" duration-ms="3251" started-at="2020-04-24T11:17:45Z" finished-at="2020-04-24T11:17:48Z">
      <class name="com.rupeek.customaersearch.tests.AutheticationTest">
        <test-method status="PASS" signature="getTokenWithValid()[pri:0, instance:com.rupeek.customaersearch.tests.AutheticationTest@167c1fc]" name="getTokenWithValid" duration-ms="2977" started-at="2020-04-24T11:17:45Z" finished-at="2020-04-24T11:17:48Z">
          <reporter-output>
          </reporter-output>
        </test-method> <!-- getTokenWithValid -->
        <test-method status="PASS" signature="gettokenWithInvalid()[pri:0, instance:com.rupeek.customaersearch.tests.AutheticationTest@167c1fc]" name="gettokenWithInvalid" duration-ms="216" started-at="2020-04-24T11:17:48Z" finished-at="2020-04-24T11:17:48Z">
          <reporter-output>
          </reporter-output>
        </test-method> <!-- gettokenWithInvalid -->
      </class> <!-- com.rupeek.customaersearch.tests.AutheticationTest -->
    </test> <!-- Default test -->
  </suite> <!-- Default suite -->
</testng-results>
