<?xml version="1.0" encoding="UTF-8"?>
<testng-results skipped="0" failed="0" ignored="0" total="2" passed="2">
  <reporter-output>
  </reporter-output>
  <suite name="Default suite" duration-ms="4151" started-at="2020-04-24T12:05:00Z" finished-at="2020-04-24T12:05:04Z">
    <groups>
    </groups>
    <test name="Default test" duration-ms="4151" started-at="2020-04-24T12:05:00Z" finished-at="2020-04-24T12:05:04Z">
      <class name="com.rupeek.customaersearch.tests.GetSingleRecordByPhone">
        <test-method status="PASS" signature="getAutherizationWithInValidphone()[pri:0, instance:com.rupeek.customaersearch.tests.GetSingleRecordByPhone@38203]" name="getAutherizationWithInValidphone" duration-ms="3182" started-at="2020-04-24T12:05:00Z" finished-at="2020-04-24T12:05:03Z">
          <reporter-output>
          </reporter-output>
        </test-method> <!-- getAutherizationWithInValidphone -->
        <test-method status="PASS" signature="getAutherizationWithValidphone()[pri:0, instance:com.rupeek.customaersearch.tests.GetSingleRecordByPhone@38203]" name="getAutherizationWithValidphone" duration-ms="885" started-at="2020-04-24T12:05:03Z" finished-at="2020-04-24T12:05:04Z">
          <reporter-output>
          </reporter-output>
        </test-method> <!-- getAutherizationWithValidphone -->
      </class> <!-- com.rupeek.customaersearch.tests.GetSingleRecordByPhone -->
    </test> <!-- Default test -->
  </suite> <!-- Default suite -->
</testng-results>
